<?xml version="1.0" encoding="UTF-8"?>
<testng-results ignored="0" total="1" passed="1" failed="0" skipped="0">
  <reporter-output>
  </reporter-output>
  <suite started-at="2026-08-22T21:11:22 IST" name="Default suite" finished-at="2026-08-22T21:11:26 IST" duration-ms="4064">
    <groups>
    </groups>
    <test started-at="2026-08-22T21:11:22 IST" name="Default test" finished-at="2026-08-22T21:11:26 IST" duration-ms="4064">
      <class name="com.BDD.RestAssuredGetRequest">
        <test-method signature="getBooking()[pri:0, instance:com.BDD.RestAssuredGetRequest@5b8dfcc1]" started-at="2026-08-22T21:11:22 IST" name="getBooking" finished-at="2026-08-22T21:11:26 IST" duration-ms="4007" status="PASS">
          <reporter-output>
          </reporter-output>
        </test-method> <!-- getBooking -->
      </class> <!-- com.BDD.RestAssuredGetRequest -->
    </test> <!-- Default test -->
  </suite> <!-- Default suite -->
</testng-results>
